2019-1-6 20:59:45 error: uncaughtException: Cannot find module 'koa-session'
Error: Cannot find module 'koa-session'
    at Function.Module._resolveFilename (internal/modules/cjs/loader.js:581:15)
    at Function.Module._load (internal/modules/cjs/loader.js:507:25)
    at Module.require (internal/modules/cjs/loader.js:637:17)
    at require (internal/modules/cjs/helpers.js:22:18)
    at Object.<anonymous> (E:\Darth Velioo\Personal Projects\Anime Card Board Game\anime_card_board\app\app.js:8:17)
    at Module._compile (internal/modules/cjs/loader.js:689:30)
    at Object.Module._extensions..js (internal/modules/cjs/loader.js:700:10)
    at Module.load (internal/modules/cjs/loader.js:599:32)
    at tryModuleLoad (internal/modules/cjs/loader.js:538:12)
    at Function.Module._load (internal/modules/cjs/loader.js:530:3)
2019-1-6 20:59:48 error: uncaughtException: Cannot find module 'koa-session'
Error: Cannot find module 'koa-session'
    at Function.Module._resolveFilename (internal/modules/cjs/loader.js:581:15)
    at Function.Module._load (internal/modules/cjs/loader.js:507:25)
    at Module.require (internal/modules/cjs/loader.js:637:17)
    at require (internal/modules/cjs/helpers.js:22:18)
    at Object.<anonymous> (E:\Darth Velioo\Personal Projects\Anime Card Board Game\anime_card_board\app\app.js:7:17)
    at Module._compile (internal/modules/cjs/loader.js:689:30)
    at Object.Module._extensions..js (internal/modules/cjs/loader.js:700:10)
    at Module.load (internal/modules/cjs/loader.js:599:32)
    at tryModuleLoad (internal/modules/cjs/loader.js:538:12)
    at Function.Module._load (internal/modules/cjs/loader.js:530:3)
2019-1-6 20:59:54 error: uncaughtException: Cannot find module 'koa-session'
Error: Cannot find module 'koa-session'
    at Function.Module._resolveFilename (internal/modules/cjs/loader.js:581:15)
    at Function.Module._load (internal/modules/cjs/loader.js:507:25)
    at Module.require (internal/modules/cjs/loader.js:637:17)
    at require (internal/modules/cjs/helpers.js:22:18)
    at Object.<anonymous> (E:\Darth Velioo\Personal Projects\Anime Card Board Game\anime_card_board\app\app.js:8:17)
    at Module._compile (internal/modules/cjs/loader.js:689:30)
    at Object.Module._extensions..js (internal/modules/cjs/loader.js:700:10)
    at Module.load (internal/modules/cjs/loader.js:599:32)
    at tryModuleLoad (internal/modules/cjs/loader.js:538:12)
    at Function.Module._load (internal/modules/cjs/loader.js:530:3)
2019-1-6 20:59:56 error: uncaughtException: Cannot find module 'koa-session'
Error: Cannot find module 'koa-session'
    at Function.Module._resolveFilename (internal/modules/cjs/loader.js:581:15)
    at Function.Module._load (internal/modules/cjs/loader.js:507:25)
    at Module.require (internal/modules/cjs/loader.js:637:17)
    at require (internal/modules/cjs/helpers.js:22:18)
    at Object.<anonymous> (E:\Darth Velioo\Personal Projects\Anime Card Board Game\anime_card_board\app\app.js:9:17)
    at Module._compile (internal/modules/cjs/loader.js:689:30)
    at Object.Module._extensions..js (internal/modules/cjs/loader.js:700:10)
    at Module.load (internal/modules/cjs/loader.js:599:32)
    at tryModuleLoad (internal/modules/cjs/loader.js:538:12)
    at Function.Module._load (internal/modules/cjs/loader.js:530:3)
2019-1-6 20:59:58 error: uncaughtException: Cannot find module 'koa-session'
Error: Cannot find module 'koa-session'
    at Function.Module._resolveFilename (internal/modules/cjs/loader.js:581:15)
    at Function.Module._load (internal/modules/cjs/loader.js:507:25)
    at Module.require (internal/modules/cjs/loader.js:637:17)
    at require (internal/modules/cjs/helpers.js:22:18)
    at Object.<anonymous> (E:\Darth Velioo\Personal Projects\Anime Card Board Game\anime_card_board\app\app.js:9:17)
    at Module._compile (internal/modules/cjs/loader.js:689:30)
    at Object.Module._extensions..js (internal/modules/cjs/loader.js:700:10)
    at Module.load (internal/modules/cjs/loader.js:599:32)
    at tryModuleLoad (internal/modules/cjs/loader.js:538:12)
    at Function.Module._load (internal/modules/cjs/loader.js:530:3)
2019-1-6 21:00:25 error: uncaughtException: Cannot find module 'koa-session'
Error: Cannot find module 'koa-session'
    at Function.Module._resolveFilename (internal/modules/cjs/loader.js:581:15)
    at Function.Module._load (internal/modules/cjs/loader.js:507:25)
    at Module.require (internal/modules/cjs/loader.js:637:17)
    at require (internal/modules/cjs/helpers.js:22:18)
    at Object.<anonymous> (E:\Darth Velioo\Personal Projects\Anime Card Board Game\anime_card_board\app\app.js:9:17)
    at Module._compile (internal/modules/cjs/loader.js:689:30)
    at Object.Module._extensions..js (internal/modules/cjs/loader.js:700:10)
    at Module.load (internal/modules/cjs/loader.js:599:32)
    at tryModuleLoad (internal/modules/cjs/loader.js:538:12)
    at Function.Module._load (internal/modules/cjs/loader.js:530:3)
2019-1-6 21:01:05 error: uncaughtException: Cannot find module 'koa-session'
Error: Cannot find module 'koa-session'
    at Function.Module._resolveFilename (internal/modules/cjs/loader.js:581:15)
    at Function.Module._load (internal/modules/cjs/loader.js:507:25)
    at Module.require (internal/modules/cjs/loader.js:637:17)
    at require (internal/modules/cjs/helpers.js:22:18)
    at Object.<anonymous> (E:\Darth Velioo\Personal Projects\Anime Card Board Game\anime_card_board\app\app.js:9:17)
    at Module._compile (internal/modules/cjs/loader.js:689:30)
    at Object.Module._extensions..js (internal/modules/cjs/loader.js:700:10)
    at Module.load (internal/modules/cjs/loader.js:599:32)
    at tryModuleLoad (internal/modules/cjs/loader.js:538:12)
    at Function.Module._load (internal/modules/cjs/loader.js:530:3)
2019-1-6 21:02:05 error: uncaughtException: Cannot find module 'koa-session'
Error: Cannot find module 'koa-session'
    at Function.Module._resolveFilename (internal/modules/cjs/loader.js:581:15)
    at Function.Module._load (internal/modules/cjs/loader.js:507:25)
    at Module.require (internal/modules/cjs/loader.js:637:17)
    at require (internal/modules/cjs/helpers.js:22:18)
    at Object.<anonymous> (E:\Darth Velioo\Personal Projects\Anime Card Board Game\anime_card_board\app\app.js:9:17)
    at Module._compile (internal/modules/cjs/loader.js:689:30)
    at Object.Module._extensions..js (internal/modules/cjs/loader.js:700:10)
    at Module.load (internal/modules/cjs/loader.js:599:32)
    at tryModuleLoad (internal/modules/cjs/loader.js:538:12)
    at Function.Module._load (internal/modules/cjs/loader.js:530:3)
2019-1-6 21:02:24 error: uncaughtException: Cannot find module 'koa-session'
Error: Cannot find module 'koa-session'
    at Function.Module._resolveFilename (internal/modules/cjs/loader.js:581:15)
    at Function.Module._load (internal/modules/cjs/loader.js:507:25)
    at Module.require (internal/modules/cjs/loader.js:637:17)
    at require (internal/modules/cjs/helpers.js:22:18)
    at Object.<anonymous> (E:\Darth Velioo\Personal Projects\Anime Card Board Game\anime_card_board\app\app.js:9:17)
    at Module._compile (internal/modules/cjs/loader.js:689:30)
    at Object.Module._extensions..js (internal/modules/cjs/loader.js:700:10)
    at Module.load (internal/modules/cjs/loader.js:599:32)
    at tryModuleLoad (internal/modules/cjs/loader.js:538:12)
    at Function.Module._load (internal/modules/cjs/loader.js:530:3)
2019-1-6 21:02:43 error: uncaughtException: Cannot find module 'koa-session'
Error: Cannot find module 'koa-session'
    at Function.Module._resolveFilename (internal/modules/cjs/loader.js:581:15)
    at Function.Module._load (internal/modules/cjs/loader.js:507:25)
    at Module.require (internal/modules/cjs/loader.js:637:17)
    at require (internal/modules/cjs/helpers.js:22:18)
    at Object.<anonymous> (E:\Darth Velioo\Personal Projects\Anime Card Board Game\anime_card_board\app\app.js:10:17)
    at Module._compile (internal/modules/cjs/loader.js:689:30)
    at Object.Module._extensions..js (internal/modules/cjs/loader.js:700:10)
    at Module.load (internal/modules/cjs/loader.js:599:32)
    at tryModuleLoad (internal/modules/cjs/loader.js:538:12)
    at Function.Module._load (internal/modules/cjs/loader.js:530:3)
2019-1-6 21:02:50 error: uncaughtException: Cannot find module 'koa-session'
Error: Cannot find module 'koa-session'
    at Function.Module._resolveFilename (internal/modules/cjs/loader.js:581:15)
    at Function.Module._load (internal/modules/cjs/loader.js:507:25)
    at Module.require (internal/modules/cjs/loader.js:637:17)
    at require (internal/modules/cjs/helpers.js:22:18)
    at Object.<anonymous> (E:\Darth Velioo\Personal Projects\Anime Card Board Game\anime_card_board\app\app.js:10:17)
    at Module._compile (internal/modules/cjs/loader.js:689:30)
    at Object.Module._extensions..js (internal/modules/cjs/loader.js:700:10)
    at Module.load (internal/modules/cjs/loader.js:599:32)
    at tryModuleLoad (internal/modules/cjs/loader.js:538:12)
    at Function.Module._load (internal/modules/cjs/loader.js:530:3)
2019-1-6 21:03:20 error: uncaughtException: Cannot find module 'koa-session'
Error: Cannot find module 'koa-session'
    at Function.Module._resolveFilename (internal/modules/cjs/loader.js:581:15)
    at Function.Module._load (internal/modules/cjs/loader.js:507:25)
    at Module.require (internal/modules/cjs/loader.js:637:17)
    at require (internal/modules/cjs/helpers.js:22:18)
    at Object.<anonymous> (E:\Darth Velioo\Personal Projects\Anime Card Board Game\anime_card_board\app\app.js:10:17)
    at Module._compile (internal/modules/cjs/loader.js:689:30)
    at Object.Module._extensions..js (internal/modules/cjs/loader.js:700:10)
    at Module.load (internal/modules/cjs/loader.js:599:32)
    at tryModuleLoad (internal/modules/cjs/loader.js:538:12)
    at Function.Module._load (internal/modules/cjs/loader.js:530:3)
2019-1-6 21:03:24 error: uncaughtException: Cannot find module 'koa-session'
Error: Cannot find module 'koa-session'
    at Function.Module._resolveFilename (internal/modules/cjs/loader.js:581:15)
    at Function.Module._load (internal/modules/cjs/loader.js:507:25)
    at Module.require (internal/modules/cjs/loader.js:637:17)
    at require (internal/modules/cjs/helpers.js:22:18)
    at Object.<anonymous> (E:\Darth Velioo\Personal Projects\Anime Card Board Game\anime_card_board\app\app.js:10:17)
    at Module._compile (internal/modules/cjs/loader.js:689:30)
    at Object.Module._extensions..js (internal/modules/cjs/loader.js:700:10)
    at Module.load (internal/modules/cjs/loader.js:599:32)
    at tryModuleLoad (internal/modules/cjs/loader.js:538:12)
    at Function.Module._load (internal/modules/cjs/loader.js:530:3)
2019-1-6 21:04:13 error: uncaughtException: Cannot find module 'koa-session'
Error: Cannot find module 'koa-session'
    at Function.Module._resolveFilename (internal/modules/cjs/loader.js:581:15)
    at Function.Module._load (internal/modules/cjs/loader.js:507:25)
    at Module.require (internal/modules/cjs/loader.js:637:17)
    at require (internal/modules/cjs/helpers.js:22:18)
    at Object.<anonymous> (E:\Darth Velioo\Personal Projects\Anime Card Board Game\anime_card_board\app\app.js:18:17)
    at Module._compile (internal/modules/cjs/loader.js:689:30)
    at Object.Module._extensions..js (internal/modules/cjs/loader.js:700:10)
    at Module.load (internal/modules/cjs/loader.js:599:32)
    at tryModuleLoad (internal/modules/cjs/loader.js:538:12)
    at Function.Module._load (internal/modules/cjs/loader.js:530:3)
2019-1-6 21:05:58 error: uncaughtException: Cannot find module 'koa-session'
Error: Cannot find module 'koa-session'
    at Function.Module._resolveFilename (internal/modules/cjs/loader.js:581:15)
    at Function.Module._load (internal/modules/cjs/loader.js:507:25)
    at Module.require (internal/modules/cjs/loader.js:637:17)
    at require (internal/modules/cjs/helpers.js:22:18)
    at Object.<anonymous> (E:\Darth Velioo\Personal Projects\Anime Card Board Game\anime_card_board\app\app.js:19:17)
    at Module._compile (internal/modules/cjs/loader.js:689:30)
    at Object.Module._extensions..js (internal/modules/cjs/loader.js:700:10)
    at Module.load (internal/modules/cjs/loader.js:599:32)
    at tryModuleLoad (internal/modules/cjs/loader.js:538:12)
    at Function.Module._load (internal/modules/cjs/loader.js:530:3)
2019-1-6 21:09:36 error: uncaughtException: Cannot find module 'koa-session'
Error: Cannot find module 'koa-session'
    at Function.Module._resolveFilename (internal/modules/cjs/loader.js:581:15)
    at Function.Module._load (internal/modules/cjs/loader.js:507:25)
    at Module.require (internal/modules/cjs/loader.js:637:17)
    at require (internal/modules/cjs/helpers.js:22:18)
    at Object.<anonymous> (E:\Darth Velioo\Personal Projects\Anime Card Board Game\anime_card_board\app\app.js:20:17)
    at Module._compile (internal/modules/cjs/loader.js:689:30)
    at Object.Module._extensions..js (internal/modules/cjs/loader.js:700:10)
    at Module.load (internal/modules/cjs/loader.js:599:32)
    at tryModuleLoad (internal/modules/cjs/loader.js:538:12)
    at Function.Module._load (internal/modules/cjs/loader.js:530:3)
2019-1-9 18:17:17 error: uncaughtException: handlebars is not defined
ReferenceError: handlebars is not defined
    at Object.<anonymous> (E:\Darth Velioo\Personal Projects\Anime Card Board Game\anime_card_board\app\app.js:45:5)
    at Module._compile (internal/modules/cjs/loader.js:689:30)
    at Object.Module._extensions..js (internal/modules/cjs/loader.js:700:10)
    at Module.load (internal/modules/cjs/loader.js:599:32)
    at tryModuleLoad (internal/modules/cjs/loader.js:538:12)
    at Function.Module._load (internal/modules/cjs/loader.js:530:3)
    at Module.require (internal/modules/cjs/loader.js:637:17)
    at require (internal/modules/cjs/helpers.js:22:18)
    at Object.<anonymous> (E:\Darth Velioo\Personal Projects\Anime Card Board Game\anime_card_board\index.js:1:63)
    at Module._compile (internal/modules/cjs/loader.js:689:30)
2019-1-9 18:17:57 error: uncaughtException: handlebars is not defined
ReferenceError: handlebars is not defined
    at Object.<anonymous> (E:\Darth Velioo\Personal Projects\Anime Card Board Game\anime_card_board\app\app.js:45:5)
    at Module._compile (internal/modules/cjs/loader.js:689:30)
    at Object.Module._extensions..js (internal/modules/cjs/loader.js:700:10)
    at Module.load (internal/modules/cjs/loader.js:599:32)
    at tryModuleLoad (internal/modules/cjs/loader.js:538:12)
    at Function.Module._load (internal/modules/cjs/loader.js:530:3)
    at Module.require (internal/modules/cjs/loader.js:637:17)
    at require (internal/modules/cjs/helpers.js:22:18)
    at Object.<anonymous> (E:\Darth Velioo\Personal Projects\Anime Card Board Game\anime_card_board\index.js:1:63)
    at Module._compile (internal/modules/cjs/loader.js:689:30)
2019-1-9 18:20:22 error: uncaughtException: handlebars is not defined
ReferenceError: handlebars is not defined
    at Object.<anonymous> (E:\Darth Velioo\Personal Projects\Anime Card Board Game\anime_card_board\app\app.js:45:5)
    at Module._compile (internal/modules/cjs/loader.js:689:30)
    at Object.Module._extensions..js (internal/modules/cjs/loader.js:700:10)
    at Module.load (internal/modules/cjs/loader.js:599:32)
    at tryModuleLoad (internal/modules/cjs/loader.js:538:12)
    at Function.Module._load (internal/modules/cjs/loader.js:530:3)
    at Module.require (internal/modules/cjs/loader.js:637:17)
    at require (internal/modules/cjs/helpers.js:22:18)
    at Object.<anonymous> (E:\Darth Velioo\Personal Projects\Anime Card Board Game\anime_card_board\index.js:1:63)
    at Module._compile (internal/modules/cjs/loader.js:689:30)
2019-1-9 18:22:52 error: uncaughtException: app.get is not a function
TypeError: app.get is not a function
    at Object.<anonymous> (E:\Darth Velioo\Personal Projects\Anime Card Board Game\anime_card_board\app\app.js:45:17)
    at Module._compile (internal/modules/cjs/loader.js:689:30)
    at Object.Module._extensions..js (internal/modules/cjs/loader.js:700:10)
    at Module.load (internal/modules/cjs/loader.js:599:32)
    at tryModuleLoad (internal/modules/cjs/loader.js:538:12)
    at Function.Module._load (internal/modules/cjs/loader.js:530:3)
    at Module.require (internal/modules/cjs/loader.js:637:17)
    at require (internal/modules/cjs/helpers.js:22:18)
    at Object.<anonymous> (E:\Darth Velioo\Personal Projects\Anime Card Board Game\anime_card_board\index.js:1:63)
    at Module._compile (internal/modules/cjs/loader.js:689:30)
2019-1-9 18:23:13 error: uncaughtException: app.get is not a function
TypeError: app.get is not a function
    at Object.<anonymous> (E:\Darth Velioo\Personal Projects\Anime Card Board Game\anime_card_board\app\app.js:45:17)
    at Module._compile (internal/modules/cjs/loader.js:689:30)
    at Object.Module._extensions..js (internal/modules/cjs/loader.js:700:10)
    at Module.load (internal/modules/cjs/loader.js:599:32)
    at tryModuleLoad (internal/modules/cjs/loader.js:538:12)
    at Function.Module._load (internal/modules/cjs/loader.js:530:3)
    at Module.require (internal/modules/cjs/loader.js:637:17)
    at require (internal/modules/cjs/helpers.js:22:18)
    at Object.<anonymous> (E:\Darth Velioo\Personal Projects\Anime Card Board Game\anime_card_board\index.js:1:63)
    at Module._compile (internal/modules/cjs/loader.js:689:30)
2019-1-9 18:23:23 error: uncaughtException: app.get is not a function
TypeError: app.get is not a function
    at Object.<anonymous> (E:\Darth Velioo\Personal Projects\Anime Card Board Game\anime_card_board\app\app.js:45:17)
    at Module._compile (internal/modules/cjs/loader.js:689:30)
    at Object.Module._extensions..js (internal/modules/cjs/loader.js:700:10)
    at Module.load (internal/modules/cjs/loader.js:599:32)
    at tryModuleLoad (internal/modules/cjs/loader.js:538:12)
    at Function.Module._load (internal/modules/cjs/loader.js:530:3)
    at Module.require (internal/modules/cjs/loader.js:637:17)
    at require (internal/modules/cjs/helpers.js:22:18)
    at Object.<anonymous> (E:\Darth Velioo\Personal Projects\Anime Card Board Game\anime_card_board\index.js:1:63)
    at Module._compile (internal/modules/cjs/loader.js:689:30)
2019-1-9 18:25:06 error: uncaughtException: handlebars is not defined
ReferenceError: handlebars is not defined
    at Object.<anonymous> (E:\Darth Velioo\Personal Projects\Anime Card Board Game\anime_card_board\app\app.js:45:5)
    at Module._compile (internal/modules/cjs/loader.js:689:30)
    at Object.Module._extensions..js (internal/modules/cjs/loader.js:700:10)
    at Module.load (internal/modules/cjs/loader.js:599:32)
    at tryModuleLoad (internal/modules/cjs/loader.js:538:12)
    at Function.Module._load (internal/modules/cjs/loader.js:530:3)
    at Module.require (internal/modules/cjs/loader.js:637:17)
    at require (internal/modules/cjs/helpers.js:22:18)
    at Object.<anonymous> (E:\Darth Velioo\Personal Projects\Anime Card Board Game\anime_card_board\index.js:1:63)
    at Module._compile (internal/modules/cjs/loader.js:689:30)
2019-1-9 18:34:42 error: uncaughtException: handlebars is not defined
ReferenceError: handlebars is not defined
    at Object.<anonymous> (E:\Darth Velioo\Personal Projects\Anime Card Board Game\anime_card_board\app\app.js:45:5)
    at Module._compile (internal/modules/cjs/loader.js:689:30)
    at Object.Module._extensions..js (internal/modules/cjs/loader.js:700:10)
    at Module.load (internal/modules/cjs/loader.js:599:32)
    at tryModuleLoad (internal/modules/cjs/loader.js:538:12)
    at Function.Module._load (internal/modules/cjs/loader.js:530:3)
    at Module.require (internal/modules/cjs/loader.js:637:17)
    at require (internal/modules/cjs/helpers.js:22:18)
    at Object.<anonymous> (E:\Darth Velioo\Personal Projects\Anime Card Board Game\anime_card_board\index.js:1:63)
    at Module._compile (internal/modules/cjs/loader.js:689:30)
2019-1-9 18:35:41 error: uncaughtException: handlebars is not defined
ReferenceError: handlebars is not defined
    at Object.<anonymous> (E:\Darth Velioo\Personal Projects\Anime Card Board Game\anime_card_board\app\app.js:45:5)
    at Module._compile (internal/modules/cjs/loader.js:689:30)
    at Object.Module._extensions..js (internal/modules/cjs/loader.js:700:10)
    at Module.load (internal/modules/cjs/loader.js:599:32)
    at tryModuleLoad (internal/modules/cjs/loader.js:538:12)
    at Function.Module._load (internal/modules/cjs/loader.js:530:3)
    at Module.require (internal/modules/cjs/loader.js:637:17)
    at require (internal/modules/cjs/helpers.js:22:18)
    at Object.<anonymous> (E:\Darth Velioo\Personal Projects\Anime Card Board Game\anime_card_board\index.js:1:63)
    at Module._compile (internal/modules/cjs/loader.js:689:30)
2019-1-9 18:36:36 error: uncaughtException: path is not defined
ReferenceError: path is not defined
    at Object.<anonymous> (E:\Darth Velioo\Personal Projects\Anime Card Board Game\anime_card_board\app\app.js:45:13)
    at Module._compile (internal/modules/cjs/loader.js:689:30)
    at Object.Module._extensions..js (internal/modules/cjs/loader.js:700:10)
    at Module.load (internal/modules/cjs/loader.js:599:32)
    at tryModuleLoad (internal/modules/cjs/loader.js:538:12)
    at Function.Module._load (internal/modules/cjs/loader.js:530:3)
    at Module.require (internal/modules/cjs/loader.js:637:17)
    at require (internal/modules/cjs/helpers.js:22:18)
    at Object.<anonymous> (E:\Darth Velioo\Personal Projects\Anime Card Board Game\anime_card_board\index.js:1:63)
    at Module._compile (internal/modules/cjs/loader.js:689:30)
2019-1-9 18:37:09 error: uncaughtException: path is not defined
ReferenceError: path is not defined
    at Object.<anonymous> (E:\Darth Velioo\Personal Projects\Anime Card Board Game\anime_card_board\app\app.js:45:13)
    at Module._compile (internal/modules/cjs/loader.js:689:30)
    at Object.Module._extensions..js (internal/modules/cjs/loader.js:700:10)
    at Module.load (internal/modules/cjs/loader.js:599:32)
    at tryModuleLoad (internal/modules/cjs/loader.js:538:12)
    at Function.Module._load (internal/modules/cjs/loader.js:530:3)
    at Module.require (internal/modules/cjs/loader.js:637:17)
    at require (internal/modules/cjs/helpers.js:22:18)
    at Object.<anonymous> (E:\Darth Velioo\Personal Projects\Anime Card Board Game\anime_card_board\index.js:1:63)
    at Module._compile (internal/modules/cjs/loader.js:689:30)
2019-1-9 18:39:48 error: uncaughtException: handlebars is not defined
ReferenceError: handlebars is not defined
    at Object.<anonymous> (E:\Darth Velioo\Personal Projects\Anime Card Board Game\anime_card_board\app\app.js:46:5)
    at Module._compile (internal/modules/cjs/loader.js:689:30)
    at Object.Module._extensions..js (internal/modules/cjs/loader.js:700:10)
    at Module.load (internal/modules/cjs/loader.js:599:32)
    at tryModuleLoad (internal/modules/cjs/loader.js:538:12)
    at Function.Module._load (internal/modules/cjs/loader.js:530:3)
    at Module.require (internal/modules/cjs/loader.js:637:17)
    at require (internal/modules/cjs/helpers.js:22:18)
    at Object.<anonymous> (E:\Darth Velioo\Personal Projects\Anime Card Board Game\anime_card_board\index.js:1:63)
    at Module._compile (internal/modules/cjs/loader.js:689:30)
2019-1-9 18:40:05 error: uncaughtException: handlebars is not defined
ReferenceError: handlebars is not defined
    at Object.<anonymous> (E:\Darth Velioo\Personal Projects\Anime Card Board Game\anime_card_board\app\app.js:46:5)
    at Module._compile (internal/modules/cjs/loader.js:689:30)
    at Object.Module._extensions..js (internal/modules/cjs/loader.js:700:10)
    at Module.load (internal/modules/cjs/loader.js:599:32)
    at tryModuleLoad (internal/modules/cjs/loader.js:538:12)
    at Function.Module._load (internal/modules/cjs/loader.js:530:3)
    at Module.require (internal/modules/cjs/loader.js:637:17)
    at require (internal/modules/cjs/helpers.js:22:18)
    at Object.<anonymous> (E:\Darth Velioo\Personal Projects\Anime Card Board Game\anime_card_board\index.js:1:63)
    at Module._compile (internal/modules/cjs/loader.js:689:30)
2019-1-9 18:40:06 error: uncaughtException: handlebars is not defined
ReferenceError: handlebars is not defined
    at Object.<anonymous> (E:\Darth Velioo\Personal Projects\Anime Card Board Game\anime_card_board\app\app.js:46:5)
    at Module._compile (internal/modules/cjs/loader.js:689:30)
    at Object.Module._extensions..js (internal/modules/cjs/loader.js:700:10)
    at Module.load (internal/modules/cjs/loader.js:599:32)
    at tryModuleLoad (internal/modules/cjs/loader.js:538:12)
    at Function.Module._load (internal/modules/cjs/loader.js:530:3)
    at Module.require (internal/modules/cjs/loader.js:637:17)
    at require (internal/modules/cjs/helpers.js:22:18)
    at Object.<anonymous> (E:\Darth Velioo\Personal Projects\Anime Card Board Game\anime_card_board\index.js:1:63)
    at Module._compile (internal/modules/cjs/loader.js:689:30)
2019-1-9 18:46:28 error: uncaughtException: handlebars is not defined
ReferenceError: handlebars is not defined
    at Object.<anonymous> (E:\Darth Velioo\Personal Projects\Anime Card Board Game\anime_card_board\app\app.js:46:5)
    at Module._compile (internal/modules/cjs/loader.js:689:30)
    at Object.Module._extensions..js (internal/modules/cjs/loader.js:700:10)
    at Module.load (internal/modules/cjs/loader.js:599:32)
    at tryModuleLoad (internal/modules/cjs/loader.js:538:12)
    at Function.Module._load (internal/modules/cjs/loader.js:530:3)
    at Module.require (internal/modules/cjs/loader.js:637:17)
    at require (internal/modules/cjs/helpers.js:22:18)
    at Object.<anonymous> (E:\Darth Velioo\Personal Projects\Anime Card Board Game\anime_card_board\index.js:1:63)
    at Module._compile (internal/modules/cjs/loader.js:689:30)
2019-1-9 18:46:42 error: uncaughtException: handlebars is not defined
ReferenceError: handlebars is not defined
    at Object.<anonymous> (E:\Darth Velioo\Personal Projects\Anime Card Board Game\anime_card_board\app\app.js:47:5)
    at Module._compile (internal/modules/cjs/loader.js:689:30)
    at Object.Module._extensions..js (internal/modules/cjs/loader.js:700:10)
    at Module.load (internal/modules/cjs/loader.js:599:32)
    at tryModuleLoad (internal/modules/cjs/loader.js:538:12)
    at Function.Module._load (internal/modules/cjs/loader.js:530:3)
    at Module.require (internal/modules/cjs/loader.js:637:17)
    at require (internal/modules/cjs/helpers.js:22:18)
    at Object.<anonymous> (E:\Darth Velioo\Personal Projects\Anime Card Board Game\anime_card_board\index.js:1:63)
    at Module._compile (internal/modules/cjs/loader.js:689:30)
2019-1-9 18:46:44 error: uncaughtException: handlebars is not defined
ReferenceError: handlebars is not defined
    at Object.<anonymous> (E:\Darth Velioo\Personal Projects\Anime Card Board Game\anime_card_board\app\app.js:47:5)
    at Module._compile (internal/modules/cjs/loader.js:689:30)
    at Object.Module._extensions..js (internal/modules/cjs/loader.js:700:10)
    at Module.load (internal/modules/cjs/loader.js:599:32)
    at tryModuleLoad (internal/modules/cjs/loader.js:538:12)
    at Function.Module._load (internal/modules/cjs/loader.js:530:3)
    at Module.require (internal/modules/cjs/loader.js:637:17)
    at require (internal/modules/cjs/helpers.js:22:18)
    at Object.<anonymous> (E:\Darth Velioo\Personal Projects\Anime Card Board Game\anime_card_board\index.js:1:63)
    at Module._compile (internal/modules/cjs/loader.js:689:30)
2019-1-9 18:47:10 error: uncaughtException: handlebars is not defined
ReferenceError: handlebars is not defined
    at Object.<anonymous> (E:\Darth Velioo\Personal Projects\Anime Card Board Game\anime_card_board\app\app.js:47:5)
    at Module._compile (internal/modules/cjs/loader.js:689:30)
    at Object.Module._extensions..js (internal/modules/cjs/loader.js:700:10)
    at Module.load (internal/modules/cjs/loader.js:599:32)
    at tryModuleLoad (internal/modules/cjs/loader.js:538:12)
    at Function.Module._load (internal/modules/cjs/loader.js:530:3)
    at Module.require (internal/modules/cjs/loader.js:637:17)
    at require (internal/modules/cjs/helpers.js:22:18)
    at Object.<anonymous> (E:\Darth Velioo\Personal Projects\Anime Card Board Game\anime_card_board\index.js:1:63)
    at Module._compile (internal/modules/cjs/loader.js:689:30)
2019-1-9 18:47:54 error: uncaughtException: handlebars is not defined
ReferenceError: handlebars is not defined
    at Object.<anonymous> (E:\Darth Velioo\Personal Projects\Anime Card Board Game\anime_card_board\app\app.js:47:5)
    at Module._compile (internal/modules/cjs/loader.js:689:30)
    at Object.Module._extensions..js (internal/modules/cjs/loader.js:700:10)
    at Module.load (internal/modules/cjs/loader.js:599:32)
    at tryModuleLoad (internal/modules/cjs/loader.js:538:12)
    at Function.Module._load (internal/modules/cjs/loader.js:530:3)
    at Module.require (internal/modules/cjs/loader.js:637:17)
    at require (internal/modules/cjs/helpers.js:22:18)
    at Object.<anonymous> (E:\Darth Velioo\Personal Projects\Anime Card Board Game\anime_card_board\index.js:1:63)
    at Module._compile (internal/modules/cjs/loader.js:689:30)
2019-1-9 18:48:47 error: uncaughtException: handlebars is not defined
ReferenceError: handlebars is not defined
    at Object.<anonymous> (E:\Darth Velioo\Personal Projects\Anime Card Board Game\anime_card_board\app\app.js:47:5)
    at Module._compile (internal/modules/cjs/loader.js:689:30)
    at Object.Module._extensions..js (internal/modules/cjs/loader.js:700:10)
    at Module.load (internal/modules/cjs/loader.js:599:32)
    at tryModuleLoad (internal/modules/cjs/loader.js:538:12)
    at Function.Module._load (internal/modules/cjs/loader.js:530:3)
    at Module.require (internal/modules/cjs/loader.js:637:17)
    at require (internal/modules/cjs/helpers.js:22:18)
    at Object.<anonymous> (E:\Darth Velioo\Personal Projects\Anime Card Board Game\anime_card_board\index.js:1:63)
    at Module._compile (internal/modules/cjs/loader.js:689:30)
2019-1-9 18:48:59 error: uncaughtException: handlebars is not defined
ReferenceError: handlebars is not defined
    at Object.<anonymous> (E:\Darth Velioo\Personal Projects\Anime Card Board Game\anime_card_board\app\app.js:47:5)
    at Module._compile (internal/modules/cjs/loader.js:689:30)
    at Object.Module._extensions..js (internal/modules/cjs/loader.js:700:10)
    at Module.load (internal/modules/cjs/loader.js:599:32)
    at tryModuleLoad (internal/modules/cjs/loader.js:538:12)
    at Function.Module._load (internal/modules/cjs/loader.js:530:3)
    at Module.require (internal/modules/cjs/loader.js:637:17)
    at require (internal/modules/cjs/helpers.js:22:18)
    at Object.<anonymous> (E:\Darth Velioo\Personal Projects\Anime Card Board Game\anime_card_board\index.js:1:63)
    at Module._compile (internal/modules/cjs/loader.js:689:30)
2019-1-9 18:49:11 error: uncaughtException: handlebars is not defined
ReferenceError: handlebars is not defined
    at Object.<anonymous> (E:\Darth Velioo\Personal Projects\Anime Card Board Game\anime_card_board\app\app.js:47:5)
    at Module._compile (internal/modules/cjs/loader.js:689:30)
    at Object.Module._extensions..js (internal/modules/cjs/loader.js:700:10)
    at Module.load (internal/modules/cjs/loader.js:599:32)
    at tryModuleLoad (internal/modules/cjs/loader.js:538:12)
    at Function.Module._load (internal/modules/cjs/loader.js:530:3)
    at Module.require (internal/modules/cjs/loader.js:637:17)
    at require (internal/modules/cjs/helpers.js:22:18)
    at Object.<anonymous> (E:\Darth Velioo\Personal Projects\Anime Card Board Game\anime_card_board\index.js:1:63)
    at Module._compile (internal/modules/cjs/loader.js:689:30)
2019-1-9 19:17:59 error: uncaughtException: Handlebars is not defined
ReferenceError: Handlebars is not defined
    at Object.<anonymous> (E:\Darth Velioo\Personal Projects\Anime Card Board Game\anime_card_board\app\routes\index.js:10:16)
    at Module._compile (internal/modules/cjs/loader.js:689:30)
    at Object.Module._extensions..js (internal/modules/cjs/loader.js:700:10)
    at Module.load (internal/modules/cjs/loader.js:599:32)
    at tryModuleLoad (internal/modules/cjs/loader.js:538:12)
    at Function.Module._load (internal/modules/cjs/loader.js:530:3)
    at Module.require (internal/modules/cjs/loader.js:637:17)
    at require (internal/modules/cjs/helpers.js:22:18)
    at Object.<anonymous> (E:\Darth Velioo\Personal Projects\Anime Card Board Game\anime_card_board\app\app.js:13:36)
    at Module._compile (internal/modules/cjs/loader.js:689:30)
2019-1-9 19:18:20 error: uncaughtException: Handlebars is not defined
ReferenceError: Handlebars is not defined
    at Object.<anonymous> (E:\Darth Velioo\Personal Projects\Anime Card Board Game\anime_card_board\app\routes\index.js:10:16)
    at Module._compile (internal/modules/cjs/loader.js:689:30)
    at Object.Module._extensions..js (internal/modules/cjs/loader.js:700:10)
    at Module.load (internal/modules/cjs/loader.js:599:32)
    at tryModuleLoad (internal/modules/cjs/loader.js:538:12)
    at Function.Module._load (internal/modules/cjs/loader.js:530:3)
    at Module.require (internal/modules/cjs/loader.js:637:17)
    at require (internal/modules/cjs/helpers.js:22:18)
    at Object.<anonymous> (E:\Darth Velioo\Personal Projects\Anime Card Board Game\anime_card_board\app\app.js:13:36)
    at Module._compile (internal/modules/cjs/loader.js:689:30)
2019-1-9 19:18:31 error: uncaughtException: Handlebars is not defined
ReferenceError: Handlebars is not defined
    at Object.<anonymous> (E:\Darth Velioo\Personal Projects\Anime Card Board Game\anime_card_board\app\routes\index.js:10:16)
    at Module._compile (internal/modules/cjs/loader.js:689:30)
    at Object.Module._extensions..js (internal/modules/cjs/loader.js:700:10)
    at Module.load (internal/modules/cjs/loader.js:599:32)
    at tryModuleLoad (internal/modules/cjs/loader.js:538:12)
    at Function.Module._load (internal/modules/cjs/loader.js:530:3)
    at Module.require (internal/modules/cjs/loader.js:637:17)
    at require (internal/modules/cjs/helpers.js:22:18)
    at Object.<anonymous> (E:\Darth Velioo\Personal Projects\Anime Card Board Game\anime_card_board\app\app.js:13:36)
    at Module._compile (internal/modules/cjs/loader.js:689:30)
2019-1-9 19:18:43 error: uncaughtException: Handlebars is not defined
ReferenceError: Handlebars is not defined
    at Object.<anonymous> (E:\Darth Velioo\Personal Projects\Anime Card Board Game\anime_card_board\app\routes\index.js:10:16)
    at Module._compile (internal/modules/cjs/loader.js:689:30)
    at Object.Module._extensions..js (internal/modules/cjs/loader.js:700:10)
    at Module.load (internal/modules/cjs/loader.js:599:32)
    at tryModuleLoad (internal/modules/cjs/loader.js:538:12)
    at Function.Module._load (internal/modules/cjs/loader.js:530:3)
    at Module.require (internal/modules/cjs/loader.js:637:17)
    at require (internal/modules/cjs/helpers.js:22:18)
    at Object.<anonymous> (E:\Darth Velioo\Personal Projects\Anime Card Board Game\anime_card_board\app\app.js:13:36)
    at Module._compile (internal/modules/cjs/loader.js:689:30)
2019-1-9 19:18:57 error: uncaughtException: Handlebars is not defined
ReferenceError: Handlebars is not defined
    at Object.<anonymous> (E:\Darth Velioo\Personal Projects\Anime Card Board Game\anime_card_board\app\routes\index.js:10:16)
    at Module._compile (internal/modules/cjs/loader.js:689:30)
    at Object.Module._extensions..js (internal/modules/cjs/loader.js:700:10)
    at Module.load (internal/modules/cjs/loader.js:599:32)
    at tryModuleLoad (internal/modules/cjs/loader.js:538:12)
    at Function.Module._load (internal/modules/cjs/loader.js:530:3)
    at Module.require (internal/modules/cjs/loader.js:637:17)
    at require (internal/modules/cjs/helpers.js:22:18)
    at Object.<anonymous> (E:\Darth Velioo\Personal Projects\Anime Card Board Game\anime_card_board\app\app.js:13:36)
    at Module._compile (internal/modules/cjs/loader.js:689:30)
2019-1-9 19:19:13 error: uncaughtException: Handlebars is not defined
ReferenceError: Handlebars is not defined
    at Object.<anonymous> (E:\Darth Velioo\Personal Projects\Anime Card Board Game\anime_card_board\app\routes\index.js:13:16)
    at Module._compile (internal/modules/cjs/loader.js:689:30)
    at Object.Module._extensions..js (internal/modules/cjs/loader.js:700:10)
    at Module.load (internal/modules/cjs/loader.js:599:32)
    at tryModuleLoad (internal/modules/cjs/loader.js:538:12)
    at Function.Module._load (internal/modules/cjs/loader.js:530:3)
    at Module.require (internal/modules/cjs/loader.js:637:17)
    at require (internal/modules/cjs/helpers.js:22:18)
    at Object.<anonymous> (E:\Darth Velioo\Personal Projects\Anime Card Board Game\anime_card_board\app\app.js:13:36)
    at Module._compile (internal/modules/cjs/loader.js:689:30)
2019-1-9 19:19:36 error: uncaughtException: Handlebars is not defined
ReferenceError: Handlebars is not defined
    at Object.<anonymous> (E:\Darth Velioo\Personal Projects\Anime Card Board Game\anime_card_board\app\routes\index.js:13:16)
    at Module._compile (internal/modules/cjs/loader.js:689:30)
    at Object.Module._extensions..js (internal/modules/cjs/loader.js:700:10)
    at Module.load (internal/modules/cjs/loader.js:599:32)
    at tryModuleLoad (internal/modules/cjs/loader.js:538:12)
    at Function.Module._load (internal/modules/cjs/loader.js:530:3)
    at Module.require (internal/modules/cjs/loader.js:637:17)
    at require (internal/modules/cjs/helpers.js:22:18)
    at Object.<anonymous> (E:\Darth Velioo\Personal Projects\Anime Card Board Game\anime_card_board\app\app.js:13:36)
    at Module._compile (internal/modules/cjs/loader.js:689:30)
2019-1-9 19:19:42 error: uncaughtException: app is not defined
ReferenceError: app is not defined
    at Object.<anonymous> (E:\Darth Velioo\Personal Projects\Anime Card Board Game\anime_card_board\app\routes\index.js:19:10)
    at Module._compile (internal/modules/cjs/loader.js:689:30)
    at Object.Module._extensions..js (internal/modules/cjs/loader.js:700:10)
    at Module.load (internal/modules/cjs/loader.js:599:32)
    at tryModuleLoad (internal/modules/cjs/loader.js:538:12)
    at Function.Module._load (internal/modules/cjs/loader.js:530:3)
    at Module.require (internal/modules/cjs/loader.js:637:17)
    at require (internal/modules/cjs/helpers.js:22:18)
    at Object.<anonymous> (E:\Darth Velioo\Personal Projects\Anime Card Board Game\anime_card_board\app\app.js:13:36)
    at Module._compile (internal/modules/cjs/loader.js:689:30)
2019-1-9 19:21:02 error: uncaughtException: app is not defined
ReferenceError: app is not defined
    at Object.<anonymous> (E:\Darth Velioo\Personal Projects\Anime Card Board Game\anime_card_board\app\routes\index.js:19:10)
    at Module._compile (internal/modules/cjs/loader.js:689:30)
    at Object.Module._extensions..js (internal/modules/cjs/loader.js:700:10)
    at Module.load (internal/modules/cjs/loader.js:599:32)
    at tryModuleLoad (internal/modules/cjs/loader.js:538:12)
    at Function.Module._load (internal/modules/cjs/loader.js:530:3)
    at Module.require (internal/modules/cjs/loader.js:637:17)
    at require (internal/modules/cjs/helpers.js:22:18)
    at Object.<anonymous> (E:\Darth Velioo\Personal Projects\Anime Card Board Game\anime_card_board\app\app.js:13:36)
    at Module._compile (internal/modules/cjs/loader.js:689:30)
2019-1-9 19:23:51 error: uncaughtException: Cannot read property 'use' of undefined
TypeError: Cannot read property 'use' of undefined
    at Object.<anonymous> (E:\Darth Velioo\Personal Projects\Anime Card Board Game\anime_card_board\app\app.js:50:8)
    at Module._compile (internal/modules/cjs/loader.js:689:30)
    at Object.Module._extensions..js (internal/modules/cjs/loader.js:700:10)
    at Module.load (internal/modules/cjs/loader.js:599:32)
    at tryModuleLoad (internal/modules/cjs/loader.js:538:12)
    at Function.Module._load (internal/modules/cjs/loader.js:530:3)
    at Module.require (internal/modules/cjs/loader.js:637:17)
    at require (internal/modules/cjs/helpers.js:22:18)
    at Object.<anonymous> (E:\Darth Velioo\Personal Projects\Anime Card Board Game\anime_card_board\index.js:1:63)
    at Module._compile (internal/modules/cjs/loader.js:689:30)
2019-1-9 19:30:30 error: uncaughtException: Handlebars is not defined
ReferenceError: Handlebars is not defined
    at Object.<anonymous> (E:\Darth Velioo\Personal Projects\Anime Card Board Game\anime_card_board\app\routes\index.js:10:16)
    at Module._compile (internal/modules/cjs/loader.js:689:30)
    at Object.Module._extensions..js (internal/modules/cjs/loader.js:700:10)
    at Module.load (internal/modules/cjs/loader.js:599:32)
    at tryModuleLoad (internal/modules/cjs/loader.js:538:12)
    at Function.Module._load (internal/modules/cjs/loader.js:530:3)
    at Module.require (internal/modules/cjs/loader.js:637:17)
    at require (internal/modules/cjs/helpers.js:22:18)
    at Object.<anonymous> (E:\Darth Velioo\Personal Projects\Anime Card Board Game\anime_card_board\app\app.js:13:44)
    at Module._compile (internal/modules/cjs/loader.js:689:30)
2019-1-9 19:30:40 error: uncaughtException: Handlebars is not defined
ReferenceError: Handlebars is not defined
    at Object.<anonymous> (E:\Darth Velioo\Personal Projects\Anime Card Board Game\anime_card_board\app\routes\index.js:10:16)
    at Module._compile (internal/modules/cjs/loader.js:689:30)
    at Object.Module._extensions..js (internal/modules/cjs/loader.js:700:10)
    at Module.load (internal/modules/cjs/loader.js:599:32)
    at tryModuleLoad (internal/modules/cjs/loader.js:538:12)
    at Function.Module._load (internal/modules/cjs/loader.js:530:3)
    at Module.require (internal/modules/cjs/loader.js:637:17)
    at require (internal/modules/cjs/helpers.js:22:18)
    at Object.<anonymous> (E:\Darth Velioo\Personal Projects\Anime Card Board Game\anime_card_board\app\app.js:13:44)
    at Module._compile (internal/modules/cjs/loader.js:689:30)
2019-1-9 19:31:10 error: uncaughtException: Cannot find module './helpers/handlebars/helpers.js'
Error: Cannot find module './helpers/handlebars/helpers.js'
    at Function.Module._resolveFilename (internal/modules/cjs/loader.js:581:15)
    at Function.Module._load (internal/modules/cjs/loader.js:507:25)
    at Module.require (internal/modules/cjs/loader.js:637:17)
    at require (internal/modules/cjs/helpers.js:22:18)
    at Object.<anonymous> (E:\Darth Velioo\Personal Projects\Anime Card Board Game\anime_card_board\app\routes\index.js:42:12)
    at Module._compile (internal/modules/cjs/loader.js:689:30)
    at Object.Module._extensions..js (internal/modules/cjs/loader.js:700:10)
    at Module.load (internal/modules/cjs/loader.js:599:32)
    at tryModuleLoad (internal/modules/cjs/loader.js:538:12)
    at Function.Module._load (internal/modules/cjs/loader.js:530:3)
2019-1-9 19:31:13 error: uncaughtException: Cannot find module './helpers/handlebars/helpers.js'
Error: Cannot find module './helpers/handlebars/helpers.js'
    at Function.Module._resolveFilename (internal/modules/cjs/loader.js:581:15)
    at Function.Module._load (internal/modules/cjs/loader.js:507:25)
    at Module.require (internal/modules/cjs/loader.js:637:17)
    at require (internal/modules/cjs/helpers.js:22:18)
    at Object.<anonymous> (E:\Darth Velioo\Personal Projects\Anime Card Board Game\anime_card_board\app\routes\index.js:42:12)
    at Module._compile (internal/modules/cjs/loader.js:689:30)
    at Object.Module._extensions..js (internal/modules/cjs/loader.js:700:10)
    at Module.load (internal/modules/cjs/loader.js:599:32)
    at tryModuleLoad (internal/modules/cjs/loader.js:538:12)
    at Function.Module._load (internal/modules/cjs/loader.js:530:3)
2019-1-9 19:54:08 error: uncaughtException: Cannot find module 'koa-handlebars'
Error: Cannot find module 'koa-handlebars'
    at Function.Module._resolveFilename (internal/modules/cjs/loader.js:581:15)
    at Function.Module._load (internal/modules/cjs/loader.js:507:25)
    at Module.require (internal/modules/cjs/loader.js:637:17)
    at require (internal/modules/cjs/helpers.js:22:18)
    at Object.<anonymous> (E:\Darth Velioo\Personal Projects\Anime Card Board Game\anime_card_board\app\routes\index.js:1:82)
    at Module._compile (internal/modules/cjs/loader.js:689:30)
    at Object.Module._extensions..js (internal/modules/cjs/loader.js:700:10)
    at Module.load (internal/modules/cjs/loader.js:599:32)
    at tryModuleLoad (internal/modules/cjs/loader.js:538:12)
    at Function.Module._load (internal/modules/cjs/loader.js:530:3)
2019-1-9 19:54:31 error: uncaughtException: Cannot find module 'koa-handlebars'
Error: Cannot find module 'koa-handlebars'
    at Function.Module._resolveFilename (internal/modules/cjs/loader.js:581:15)
    at Function.Module._load (internal/modules/cjs/loader.js:507:25)
    at Module.require (internal/modules/cjs/loader.js:637:17)
    at require (internal/modules/cjs/helpers.js:22:18)
    at Object.<anonymous> (E:\Darth Velioo\Personal Projects\Anime Card Board Game\anime_card_board\app\routes\index.js:1:82)
    at Module._compile (internal/modules/cjs/loader.js:689:30)
    at Object.Module._extensions..js (internal/modules/cjs/loader.js:700:10)
    at Module.load (internal/modules/cjs/loader.js:599:32)
    at tryModuleLoad (internal/modules/cjs/loader.js:538:12)
    at Function.Module._load (internal/modules/cjs/loader.js:530:3)
2019-1-9 19:54:49 error: uncaughtException: Cannot find module 'koa-handlebars'
Error: Cannot find module 'koa-handlebars'
    at Function.Module._resolveFilename (internal/modules/cjs/loader.js:581:15)
    at Function.Module._load (internal/modules/cjs/loader.js:507:25)
    at Module.require (internal/modules/cjs/loader.js:637:17)
    at require (internal/modules/cjs/helpers.js:22:18)
    at Object.<anonymous> (E:\Darth Velioo\Personal Projects\Anime Card Board Game\anime_card_board\app\routes\index.js:1:82)
    at Module._compile (internal/modules/cjs/loader.js:689:30)
    at Object.Module._extensions..js (internal/modules/cjs/loader.js:700:10)
    at Module.load (internal/modules/cjs/loader.js:599:32)
    at tryModuleLoad (internal/modules/cjs/loader.js:538:12)
    at Function.Module._load (internal/modules/cjs/loader.js:530:3)
2019-1-9 19:54:51 error: uncaughtException: Cannot find module 'koa-handlebars'
Error: Cannot find module 'koa-handlebars'
    at Function.Module._resolveFilename (internal/modules/cjs/loader.js:581:15)
    at Function.Module._load (internal/modules/cjs/loader.js:507:25)
    at Module.require (internal/modules/cjs/loader.js:637:17)
    at require (internal/modules/cjs/helpers.js:22:18)
    at Object.<anonymous> (E:\Darth Velioo\Personal Projects\Anime Card Board Game\anime_card_board\app\routes\index.js:1:82)
    at Module._compile (internal/modules/cjs/loader.js:689:30)
    at Object.Module._extensions..js (internal/modules/cjs/loader.js:700:10)
    at Module.load (internal/modules/cjs/loader.js:599:32)
    at tryModuleLoad (internal/modules/cjs/loader.js:538:12)
    at Function.Module._load (internal/modules/cjs/loader.js:530:3)
2019-1-9 19:55:00 error: uncaughtException: Cannot find module 'koa-handlebars'
Error: Cannot find module 'koa-handlebars'
    at Function.Module._resolveFilename (internal/modules/cjs/loader.js:581:15)
    at Function.Module._load (internal/modules/cjs/loader.js:507:25)
    at Module.require (internal/modules/cjs/loader.js:637:17)
    at require (internal/modules/cjs/helpers.js:22:18)
    at Object.<anonymous> (E:\Darth Velioo\Personal Projects\Anime Card Board Game\anime_card_board\app\routes\index.js:1:82)
    at Module._compile (internal/modules/cjs/loader.js:689:30)
    at Object.Module._extensions..js (internal/modules/cjs/loader.js:700:10)
    at Module.load (internal/modules/cjs/loader.js:599:32)
    at tryModuleLoad (internal/modules/cjs/loader.js:538:12)
    at Function.Module._load (internal/modules/cjs/loader.js:530:3)
2019-1-9 19:55:16 error: uncaughtException: Cannot find module 'koa-handlebars'
Error: Cannot find module 'koa-handlebars'
    at Function.Module._resolveFilename (internal/modules/cjs/loader.js:581:15)
    at Function.Module._load (internal/modules/cjs/loader.js:507:25)
    at Module.require (internal/modules/cjs/loader.js:637:17)
    at require (internal/modules/cjs/helpers.js:22:18)
    at Object.<anonymous> (E:\Darth Velioo\Personal Projects\Anime Card Board Game\anime_card_board\app\routes\index.js:1:82)
    at Module._compile (internal/modules/cjs/loader.js:689:30)
    at Object.Module._extensions..js (internal/modules/cjs/loader.js:700:10)
    at Module.load (internal/modules/cjs/loader.js:599:32)
    at tryModuleLoad (internal/modules/cjs/loader.js:538:12)
    at Function.Module._load (internal/modules/cjs/loader.js:530:3)
2019-1-9 19:55:19 error: uncaughtException: Cannot find module 'koa-handlebars'
Error: Cannot find module 'koa-handlebars'
    at Function.Module._resolveFilename (internal/modules/cjs/loader.js:581:15)
    at Function.Module._load (internal/modules/cjs/loader.js:507:25)
    at Module.require (internal/modules/cjs/loader.js:637:17)
    at require (internal/modules/cjs/helpers.js:22:18)
    at Object.<anonymous> (E:\Darth Velioo\Personal Projects\Anime Card Board Game\anime_card_board\app\routes\index.js:1:82)
    at Module._compile (internal/modules/cjs/loader.js:689:30)
    at Object.Module._extensions..js (internal/modules/cjs/loader.js:700:10)
    at Module.load (internal/modules/cjs/loader.js:599:32)
    at tryModuleLoad (internal/modules/cjs/loader.js:538:12)
    at Function.Module._load (internal/modules/cjs/loader.js:530:3)
2019-1-9 20:09:28 error: uncaughtException: views is not defined
ReferenceError: views is not defined
    at Object.<anonymous> (E:\Darth Velioo\Personal Projects\Anime Card Board Game\anime_card_board\app\app.js:45:5)
    at Module._compile (internal/modules/cjs/loader.js:689:30)
    at Object.Module._extensions..js (internal/modules/cjs/loader.js:700:10)
    at Module.load (internal/modules/cjs/loader.js:599:32)
    at tryModuleLoad (internal/modules/cjs/loader.js:538:12)
    at Function.Module._load (internal/modules/cjs/loader.js:530:3)
    at Module.require (internal/modules/cjs/loader.js:637:17)
    at require (internal/modules/cjs/helpers.js:22:18)
    at Object.<anonymous> (E:\Darth Velioo\Personal Projects\Anime Card Board Game\anime_card_board\index.js:1:63)
    at Module._compile (internal/modules/cjs/loader.js:689:30)
    at Object.Module._extensions..js (internal/modules/cjs/loader.js:700:10)
    at Module.load (internal/modules/cjs/loader.js:599:32)
    at tryModuleLoad (internal/modules/cjs/loader.js:538:12)
    at Function.Module._load (internal/modules/cjs/loader.js:530:3)
    at Function.Module.runMain (internal/modules/cjs/loader.js:742:12)
    at startup (internal/bootstrap/node.js:283:19)
2019-1-9 20:09:33 error: uncaughtException: views is not defined
ReferenceError: views is not defined
    at Object.<anonymous> (E:\Darth Velioo\Personal Projects\Anime Card Board Game\anime_card_board\app\app.js:45:5)
    at Module._compile (internal/modules/cjs/loader.js:689:30)
    at Object.Module._extensions..js (internal/modules/cjs/loader.js:700:10)
    at Module.load (internal/modules/cjs/loader.js:599:32)
    at tryModuleLoad (internal/modules/cjs/loader.js:538:12)
    at Function.Module._load (internal/modules/cjs/loader.js:530:3)
    at Module.require (internal/modules/cjs/loader.js:637:17)
    at require (internal/modules/cjs/helpers.js:22:18)
    at Object.<anonymous> (E:\Darth Velioo\Personal Projects\Anime Card Board Game\anime_card_board\index.js:1:63)
    at Module._compile (internal/modules/cjs/loader.js:689:30)
    at Object.Module._extensions..js (internal/modules/cjs/loader.js:700:10)
    at Module.load (internal/modules/cjs/loader.js:599:32)
    at tryModuleLoad (internal/modules/cjs/loader.js:538:12)
    at Function.Module._load (internal/modules/cjs/loader.js:530:3)
    at Function.Module.runMain (internal/modules/cjs/loader.js:742:12)
    at startup (internal/bootstrap/node.js:283:19)
2019-1-9 20:10:47 error: uncaughtException: path is not defined
ReferenceError: path is not defined
    at Object.<anonymous> (E:\Darth Velioo\Personal Projects\Anime Card Board Game\anime_card_board\app\app.js:44:13)
    at Module._compile (internal/modules/cjs/loader.js:689:30)
    at Object.Module._extensions..js (internal/modules/cjs/loader.js:700:10)
    at Module.load (internal/modules/cjs/loader.js:599:32)
    at tryModuleLoad (internal/modules/cjs/loader.js:538:12)
    at Function.Module._load (internal/modules/cjs/loader.js:530:3)
    at Module.require (internal/modules/cjs/loader.js:637:17)
    at require (internal/modules/cjs/helpers.js:22:18)
    at Object.<anonymous> (E:\Darth Velioo\Personal Projects\Anime Card Board Game\anime_card_board\index.js:1:63)
    at Module._compile (internal/modules/cjs/loader.js:689:30)
    at Object.Module._extensions..js (internal/modules/cjs/loader.js:700:10)
    at Module.load (internal/modules/cjs/loader.js:599:32)
    at tryModuleLoad (internal/modules/cjs/loader.js:538:12)
    at Function.Module._load (internal/modules/cjs/loader.js:530:3)
    at Function.Module.runMain (internal/modules/cjs/loader.js:742:12)
    at startup (internal/bootstrap/node.js:283:19)
2019-1-9 21:03:12 error: uncaughtException: Cannot find module './helpers/handlebars/helpes'
Error: Cannot find module './helpers/handlebars/helpes'
    at Function.Module._resolveFilename (internal/modules/cjs/loader.js:581:15)
    at Function.Module._load (internal/modules/cjs/loader.js:507:25)
    at Module.require (internal/modules/cjs/loader.js:637:17)
    at require (internal/modules/cjs/helpers.js:22:18)
    at Object.<anonymous> (E:\Darth Velioo\Personal Projects\Anime Card Board Game\anime_card_board\app\app.js:16:21)
    at Module._compile (internal/modules/cjs/loader.js:689:30)
    at Object.Module._extensions..js (internal/modules/cjs/loader.js:700:10)
    at Module.load (internal/modules/cjs/loader.js:599:32)
    at tryModuleLoad (internal/modules/cjs/loader.js:538:12)
    at Function.Module._load (internal/modules/cjs/loader.js:530:3)
2019-1-9 21:05:57 error: uncaughtException: hbs_helpers is not defined
ReferenceError: hbs_helpers is not defined
    at Object.<anonymous> (E:\Darth Velioo\Personal Projects\Anime Card Board Game\anime_card_board\app\helpers\handlebars\helpers.js:6:18)
    at Module._compile (internal/modules/cjs/loader.js:689:30)
    at Object.Module._extensions..js (internal/modules/cjs/loader.js:700:10)
    at Module.load (internal/modules/cjs/loader.js:599:32)
    at tryModuleLoad (internal/modules/cjs/loader.js:538:12)
    at Function.Module._load (internal/modules/cjs/loader.js:530:3)
    at Module.require (internal/modules/cjs/loader.js:637:17)
    at require (internal/modules/cjs/helpers.js:22:18)
    at Object.<anonymous> (E:\Darth Velioo\Personal Projects\Anime Card Board Game\anime_card_board\app\app.js:16:20)
    at Module._compile (internal/modules/cjs/loader.js:689:30)
